{"/Users/andrewreedy/Development/reachify-docker/development/dataloader-sort/src/index.js":{"path":"/Users/andrewreedy/Development/reachify-docker/development/dataloader-sort/src/index.js","s":{"1":1,"2":1,"3":1,"4":1,"5":1,"6":1,"7":2,"8":1,"9":25,"10":25,"11":25,"12":25,"13":25,"14":50,"15":36,"16":25,"17":25,"18":25,"19":1,"20":11,"21":11,"22":10,"23":9,"24":9,"25":9,"26":1,"27":8,"28":1,"29":7,"30":22,"31":73,"32":25,"33":48,"34":22,"35":1,"36":21,"37":8,"38":8,"39":1,"40":1,"41":113,"42":0,"43":0,"44":113,"45":113,"46":2,"47":0,"48":0,"49":111},"b":{"1":[1,1],"2":[2,2],"3":[36,14],"4":[1,10],"5":[11,1],"6":[1,8],"7":[1,7],"8":[25,48],"9":[0,73],"10":[1,21],"11":[22,22],"12":[21,1],"13":[0,113],"14":[113,0],"15":[113,113],"16":[2,111],"17":[0,0]},"f":{"1":2,"2":25,"3":25,"4":50,"5":11,"6":9,"7":22,"8":73,"9":113,"10":0},"fnMap":{"1":{"name":"_interopRequireDefault","line":0,"loc":{"start":{"line":0,"column":0},"end":{"line":0,"column":0}},"skip":true},"2":{"name":"matchesObjectFields","line":3,"loc":{"start":{"line":3,"column":28},"end":{"line":null,"column":null}}},"3":{"name":"(anonymous_3)","line":3,"loc":{"start":{"line":3,"column":73},"end":{"line":3,"column":73}}},"4":{"name":"(anonymous_4)","line":5,"loc":{"start":{"line":5,"column":29},"end":{"line":5,"column":36}}},"5":{"name":"sort","line":11,"loc":{"start":{"line":11,"column":13},"end":{"line":null,"column":null}}},"6":{"name":"(anonymous_6)","line":15,"loc":{"start":{"line":15,"column":23},"end":{"line":15,"column":23}}},"7":{"name":"(anonymous_7)","line":19,"loc":{"start":{"line":19,"column":18},"end":{"line":19,"column":25}}},"8":{"name":"(anonymous_8)","line":20,"loc":{"start":{"line":20,"column":30},"end":{"line":20,"column":35}}},"9":{"name":"_assert","line":0,"loc":{"start":{"line":0,"column":0},"end":{"line":0,"column":0}},"skip":true},"10":{"name":"(anonymous_10)","line":0,"loc":{"start":{"line":0,"column":0},"end":{"line":0,"column":0}},"skip":true}},"statementMap":{"1":{"start":{"line":0,"column":0},"end":{"line":0,"column":0},"skip":true},"2":{"start":{"line":0,"column":0},"end":{"line":0,"column":0},"skip":true},"3":{"start":{"line":0,"column":0},"end":{"line":0,"column":0},"skip":true},"4":{"start":{"line":0,"column":0},"end":{"line":0,"column":0},"skip":true},"5":{"start":{"line":0,"column":0},"end":{"line":0,"column":0},"skip":true},"6":{"start":{"line":0,"column":0},"end":{"line":0,"column":0},"skip":true},"7":{"start":{"line":0,"column":0},"end":{"line":0,"column":0},"skip":true},"8":{"start":{"line":3,"column":0},"end":{"line":null,"column":null}},"9":{"start":{"line":3,"column":29},"end":{"line":null,"column":null}},"10":{"start":{"line":3,"column":44},"end":{"line":null,"column":null}},"11":{"start":{"line":3,"column":73},"end":{"line":null,"column":null}},"12":{"start":{"line":4,"column":6},"end":{"line":null,"column":null}},"13":{"start":{"line":5,"column":9},"end":{"line":null,"column":null}},"14":{"start":{"line":6,"column":8},"end":{"line":null,"column":null}},"15":{"start":{"line":6,"column":34},"end":{"line":null,"column":null}},"16":{"start":{"line":8,"column":9},"end":{"line":null,"column":null}},"17":{"start":{"line":0,"column":0},"end":{"line":0,"column":0},"skip":true},"18":{"start":{"line":0,"column":0},"end":{"line":0,"column":0},"skip":true},"19":{"start":{"line":11,"column":0},"end":{"line":null,"column":null}},"20":{"start":{"line":14,"column":2},"end":{"line":null,"column":null}},"21":{"start":{"line":12,"column":2},"end":{"line":null,"column":null}},"22":{"start":{"line":13,"column":2},"end":{"line":null,"column":null}},"23":{"start":{"line":14,"column":2},"end":{"line":null,"column":null}},"24":{"start":{"line":15,"column":23},"end":{"line":null,"column":null}},"25":{"start":{"line":16,"column":6},"end":{"line":null,"column":null}},"26":{"start":{"line":16,"column":20},"end":{"line":null,"column":null}},"27":{"start":{"line":17,"column":6},"end":{"line":null,"column":null}},"28":{"start":{"line":17,"column":20},"end":{"line":null,"column":null}},"29":{"start":{"line":19,"column":9},"end":{"line":null,"column":null}},"30":{"start":{"line":20,"column":10},"end":{"line":null,"column":null}},"31":{"start":{"line":21,"column":10},"end":{"line":null,"column":null}},"32":{"start":{"line":21,"column":35},"end":{"line":null,"column":null}},"33":{"start":{"line":22,"column":13},"end":{"line":null,"column":null}},"34":{"start":{"line":25,"column":8},"end":{"line":null,"column":null}},"35":{"start":{"line":26,"column":12},"end":{"line":null,"column":null}},"36":{"start":{"line":29,"column":11},"end":{"line":null,"column":null}},"37":{"start":{"line":0,"column":0},"end":{"line":0,"column":0},"skip":true},"38":{"start":{"line":0,"column":0},"end":{"line":0,"column":0},"skip":true},"39":{"start":{"line":33,"column":15},"end":{"line":null,"column":null}},"40":{"start":{"line":0,"column":0},"end":{"line":0,"column":0},"skip":true},"41":{"start":{"line":0,"column":0},"end":{"line":0,"column":0},"skip":true},"42":{"start":{"line":0,"column":0},"end":{"line":0,"column":0},"skip":true},"43":{"start":{"line":0,"column":0},"end":{"line":0,"column":0},"skip":true},"44":{"start":{"line":0,"column":0},"end":{"line":0,"column":0},"skip":true},"45":{"start":{"line":0,"column":0},"end":{"line":0,"column":0},"skip":true},"46":{"start":{"line":0,"column":0},"end":{"line":0,"column":0},"skip":true},"47":{"start":{"line":0,"column":0},"end":{"line":0,"column":0},"skip":true},"48":{"start":{"line":0,"column":0},"end":{"line":0,"column":0},"skip":true},"49":{"start":{"line":0,"column":0},"end":{"line":0,"column":0},"skip":true}},"branchMap":{"1":{"line":0,"type":"cond-expr","locations":[{"start":{"line":0,"column":0},"end":{"line":0,"column":0},"skip":true},{"start":{"line":0,"column":0},"end":{"line":0,"column":0},"skip":true}]},"2":{"line":0,"type":"binary-expr","locations":[{"start":{"line":0,"column":0},"end":{"line":0,"column":0},"skip":true},{"start":{"line":0,"column":0},"end":{"line":0,"column":0},"skip":true}]},"3":{"line":6,"type":"if","locations":[{"start":{"line":6,"column":8},"end":{"line":6,"column":8}},{"start":{"line":6,"column":8},"end":{"line":6,"column":8}}]},"4":{"line":14,"type":"cond-expr","locations":[{"start":{"line":14,"column":18},"end":{"line":14,"column":18}},{"start":{"line":14,"column":18},"end":{"line":11,"column":13}}]},"5":{"line":14,"type":"binary-expr","locations":[{"start":{"line":14,"column":18},"end":{"line":14,"column":18}},{"start":{"line":14,"column":18},"end":{"line":14,"column":18}}]},"6":{"line":16,"type":"if","locations":[{"start":{"line":16,"column":6},"end":{"line":16,"column":6}},{"start":{"line":16,"column":6},"end":{"line":16,"column":6}}]},"7":{"line":17,"type":"if","locations":[{"start":{"line":17,"column":6},"end":{"line":17,"column":6}},{"start":{"line":17,"column":6},"end":{"line":17,"column":6}}]},"8":{"line":21,"type":"if","locations":[{"start":{"line":21,"column":10},"end":{"line":21,"column":10}},{"start":{"line":21,"column":10},"end":{"line":21,"column":10}}]},"9":{"line":21,"type":"cond-expr","locations":[{"start":{"line":21,"column":17},"end":{"line":21,"column":17}},{"start":{"line":21,"column":17},"end":{"line":21,"column":25}}]},"10":{"line":25,"type":"if","locations":[{"start":{"line":25,"column":8},"end":{"line":25,"column":8}},{"start":{"line":25,"column":8},"end":{"line":25,"column":8}}]},"11":{"line":25,"type":"binary-expr","locations":[{"start":{"line":25,"column":8},"end":{"line":25,"column":17}},{"start":{"line":25,"column":17},"end":{"line":25,"column":4}}]},"12":{"line":29,"type":"binary-expr","locations":[{"start":{"line":29,"column":11},"end":{"line":29,"column":23}},{"start":{"line":29,"column":23},"end":{"line":29,"column":4}}]},"13":{"line":0,"type":"if","locations":[{"start":{"line":0,"column":0},"end":{"line":0,"column":0},"skip":true},{"start":{"line":0,"column":0},"end":{"line":0,"column":0},"skip":true}]},"14":{"line":0,"type":"if","locations":[{"start":{"line":0,"column":0},"end":{"line":0,"column":0},"skip":true},{"start":{"line":0,"column":0},"end":{"line":0,"column":0},"skip":true}]},"15":{"line":0,"type":"binary-expr","locations":[{"start":{"line":0,"column":0},"end":{"line":0,"column":0},"skip":true},{"start":{"line":0,"column":0},"end":{"line":0,"column":0},"skip":true}]},"16":{"line":0,"type":"if","locations":[{"start":{"line":0,"column":0},"end":{"line":0,"column":0},"skip":true},{"start":{"line":0,"column":0},"end":{"line":0,"column":0},"skip":true}]},"17":{"line":0,"type":"if","locations":[{"start":{"line":0,"column":0},"end":{"line":0,"column":0},"skip":true},{"start":{"line":0,"column":0},"end":{"line":0,"column":0},"skip":true}]}}}}