TN:
SF:/Users/andrewreedy/Development/reachify-docker/development/dataloader-sort/src/index.js
FN:3,matchesObjectFields
FN:3,(anonymous_3)
FN:5,(anonymous_4)
FN:11,sort
FN:15,(anonymous_6)
FN:19,(anonymous_7)
FN:20,(anonymous_8)
FNF:7
FNH:7
FNDA:25,matchesObjectFields
FNDA:25,(anonymous_3)
FNDA:50,(anonymous_4)
FNDA:11,sort
FNDA:9,(anonymous_6)
FNDA:22,(anonymous_7)
FNDA:73,(anonymous_8)
DA:3,25
DA:4,25
DA:5,25
DA:6,50
DA:8,25
DA:11,1
DA:12,11
DA:13,10
DA:14,11
DA:15,9
DA:16,9
DA:17,8
DA:19,7
DA:20,22
DA:21,73
DA:22,48
DA:25,22
DA:26,1
DA:29,21
DA:33,1
LF:20
LH:20
BRDA:6,3,0,36
BRDA:6,3,1,14
BRDA:14,4,0,1
BRDA:14,4,1,10
BRDA:14,5,0,11
BRDA:14,5,1,1
BRDA:16,6,0,1
BRDA:16,6,1,8
BRDA:17,7,0,1
BRDA:17,7,1,7
BRDA:21,8,0,25
BRDA:21,8,1,48
BRDA:21,9,0,0
BRDA:21,9,1,73
BRDA:25,10,0,1
BRDA:25,10,1,21
BRDA:25,11,0,22
BRDA:25,11,1,22
BRDA:29,12,0,21
BRDA:29,12,1,1
BRF:20
BRH:19
end_of_record
